./samples/SAFE/__tmp_3bec2c85.c: In function ‘main’:
./samples/SAFE/__tmp_3bec2c85.c:130:5: error: expected expression at end of input
  130 |     if (!read_size_t("Enter columns for matrix A: ", &cols))
      |     ^~
./samples/SAFE/__tmp_3bec2c85.c:130:5: error: expected declaration or statement at end of input
