./samples/SAFE/__tmp_eb7640d5.c: In function ‘main’:
./samples/SAFE/__tmp_eb7640d5.c:151:17: error: expected declaration or statement at end of input
  151 |                 } else if (status == -1) {
      |                 ^
./samples/SAFE/__tmp_eb7640d5.c:151:17: error: expected declaration or statement at end of input
./samples/SAFE/__tmp_eb7640d5.c:151:17: error: expected declaration or statement at end of input
./samples/SAFE/__tmp_eb7640d5.c:151:17: error: expected declaration or statement at end of input
./samples/SAFE/__tmp_eb7640d5.c:151:17: error: expected declaration or statement at end of input
