./samples/SAFE/__tmp_ebfc7952.c: In function ‘main’:
./samples/SAFE/__tmp_ebfc7952.c:157:5: error: expected declaration or statement at end of input
  157 |     if (product.data != NULL) {
      |     ^~
./samples/SAFE/__tmp_ebfc7952.c:157:5: error: expected declaration or statement at end of input
