./samples/SAFE/__tmp_8cc86213.c: In function ‘print_distances’:
./samples/SAFE/__tmp_8cc86213.c:165:9: error: expected declaration or statement at end of input
  165 |         }
      |         ^
./samples/SAFE/__tmp_8cc86213.c:165:9: error: expected declaration or statement at end of input
