./samples/SAFE/__tmp_5cbf83b0.c: In function ‘main’:
./samples/SAFE/__tmp_5cbf83b0.c:152:9: error: expected declaration or statement at end of input
  152 |         default:
      |         ^~~~~~~
./samples/SAFE/__tmp_5cbf83b0.c:152:9: error: expected declaration or statement at end of input
