./samples/SAFE/__tmp_d7a4bbf8.c: In function ‘parse_expression’:
./samples/SAFE/__tmp_d7a4bbf8.c:163:24: error: expected expression at end of input
  163 |                        parser->current_token.line,
      |                        ^~~~~~
./samples/SAFE/__tmp_d7a4bbf8.c:163:24: error: expected declaration or statement at end of input
./samples/SAFE/__tmp_d7a4bbf8.c:163:24: error: expected declaration or statement at end of input
./samples/SAFE/__tmp_d7a4bbf8.c:163:24: error: expected declaration or statement at end of input
