./samples/SAFE/__tmp_1d549011.c: In function ‘main’:
./samples/SAFE/__tmp_1d549011.c:142:9: error: expected declaration or statement at end of input
  142 |         return 1;
      |         ^~~~~~
./samples/SAFE/__tmp_1d549011.c:142:9: error: expected declaration or statement at end of input
