./samples/SAFE/__tmp_f5cebf79.c: In function ‘main’:
./samples/SAFE/__tmp_f5cebf79.c:143:9: error: expected declaration or statement at end of input
  143 |         buffer_free(&decompressed_buf);
      |         ^~~~~~~~~~~
./samples/SAFE/__tmp_f5cebf79.c:143:9: error: expected declaration or statement at end of input
