./samples/SAFE/__tmp_2867c4bc.c: In function ‘evaluate_expression’:
./samples/SAFE/__tmp_2867c4bc.c:166:5: error: expected expression at end of input
  166 |     if (input == NULL ||
      |     ^~
./samples/SAFE/__tmp_2867c4bc.c:166:5: error: expected declaration or statement at end of input
