./samples/SAFE/__tmp_8f1699ac.c: In function ‘main’:
./samples/SAFE/__tmp_8f1699ac.c:127:17: error: expected expression at end of input
  127 |                 for (int k =
      |                 ^~~
./samples/SAFE/__tmp_8f1699ac.c:127:17: error: expected declaration or statement at end of input
./samples/SAFE/__tmp_8f1699ac.c:127:17: error: expected declaration or statement at end of input
./samples/SAFE/__tmp_8f1699ac.c:127:17: error: expected declaration or statement at end of input
./samples/SAFE/__tmp_8f1699ac.c:127:17: error: expected declaration or statement at end of input
