./samples/SAFE/__tmp_e6cda43f.c: In function ‘get_user_event’:
./samples/SAFE/__tmp_e6cda43f.c:172:9: error: expected expression at end of input
  172 |         case 2: return
      |         ^~~~
./samples/SAFE/__tmp_e6cda43f.c:172:9: error: expected declaration or statement at end of input
./samples/SAFE/__tmp_e6cda43f.c:172:9: error: expected declaration or statement at end of input
