./samples/SAFE/__tmp_7a26168f.c: In function ‘main’:
./samples/SAFE/__tmp_7a26168f.c:142:12: error: missing terminating " character
  142 |     printf("\nSecond matrix
      |            ^~~~~~~~~~~~~~~~
./samples/SAFE/__tmp_7a26168f.c:142:5: error: expected expression at end of input
  142 |     printf("\nSecond matrix
      |     ^~~~~~
./samples/SAFE/__tmp_7a26168f.c:142:5: error: expected declaration or statement at end of input
