./samples/SAFE/__tmp_169437ef.c: In function ‘main’:
./samples/SAFE/__tmp_169437ef.c:173: error: expected ‘(’ at end of input
./samples/SAFE/__tmp_169437ef.c:172:5: error: expected declaration or statement at end of input
  172 |     if
      |     ^~
