./samples/SAFE/__tmp_80964eb4.c: In function ‘main’:
./samples/SAFE/__tmp_80964eb4.c:161:20: error: missing terminating " character
  161 |             printf("Invalid edge
      |                    ^~~~~~~~~~~~~
./samples/SAFE/__tmp_80964eb4.c:161:13: error: expected expression at end of input
  161 |             printf("Invalid edge
      |             ^~~~~~
./samples/SAFE/__tmp_80964eb4.c:161:13: error: expected declaration or statement at end of input
./samples/SAFE/__tmp_80964eb4.c:161:13: error: expected declaration or statement at end of input
./samples/SAFE/__tmp_80964eb4.c:161:13: error: expected declaration or statement at end of input
