./samples/SAFE/__tmp_1bdb1631.c: In function ‘main’:
./samples/SAFE/__tmp_1bdb1631.c:170:13: error: expected declaration or statement at end of input
  170 |             case 5:
      |             ^~~~
./samples/SAFE/__tmp_1bdb1631.c:170:13: error: expected declaration or statement at end of input
./samples/SAFE/__tmp_1bdb1631.c:170:13: error: expected declaration or statement at end of input
