./samples/SAFE/__tmp_daad35a1.c: In function ‘main’:
./samples/SAFE/__tmp_daad35a1.c:159:28: error: missing terminating " character
  159 |                     printf("
      |                            ^
./samples/SAFE/__tmp_daad35a1.c:159:21: error: expected expression at end of input
  159 |                     printf("
      |                     ^~~~~~
./samples/SAFE/__tmp_daad35a1.c:159:21: error: expected declaration or statement at end of input
./samples/SAFE/__tmp_daad35a1.c:159:21: error: expected declaration or statement at end of input
./samples/SAFE/__tmp_daad35a1.c:159:21: error: expected declaration or statement at end of input
./samples/SAFE/__tmp_daad35a1.c:159:21: error: expected declaration or statement at end of input
./samples/SAFE/__tmp_daad35a1.c:159:21: error: expected declaration or statement at end of input
