./samples/SAFE/__tmp_bf434f45.c: In function ‘print_stats’:
./samples/SAFE/__tmp_bf434f45.c:152:12: error: expected identifier at end of input
  152 |            analyzer->
      |            ^~~~~~~~
./samples/SAFE/__tmp_bf434f45.c:152:12: error: expected declaration or statement at end of input
