./samples/SAFE/__tmp_7116b571.c: In function ‘main’:
./samples/SAFE/__tmp_7116b571.c:119:9: error: expected declaration or statement at end of input
  119 |         else if (strcmp(entries[i].level, "ERROR") == 0) error_count++;
      |         ^~~~
./samples/SAFE/__tmp_7116b571.c:119:9: error: expected declaration or statement at end of input
