./samples/SAFE/__tmp_8034525c.c: In function ‘main’:
./samples/SAFE/__tmp_8034525c.c:143:5: error: expected expression at end of input
  143 |     addEdge(graph, 0, 2,
      |     ^~~~~~~
./samples/SAFE/__tmp_8034525c.c:143:5: error: expected declaration or statement at end of input
