./samples/SAFE/__tmp_7d404d9a.c: In function ‘main’:
./samples/SAFE/__tmp_7d404d9a.c:197:25: error: missing terminating " character
  197 |         fprintf(stderr, "
      |                         ^
./samples/SAFE/__tmp_7d404d9a.c:197:9: error: expected expression at end of input
  197 |         fprintf(stderr, "
      |         ^~~~~~~
./samples/SAFE/__tmp_7d404d9a.c:197:9: error: expected declaration or statement at end of input
./samples/SAFE/__tmp_7d404d9a.c:197:9: error: expected declaration or statement at end of input
